{"/Users/uematsukosuke/Desktop/expense-tracker-app/front/src/main.tsx": {"path":"/Users/uematsukosuke/Desktop/expense-tracker-app/front/src/main.tsx","statementMap":{"0":{"start":{"line":1,"column":0},"end":{"line":1,"column":25}},"1":{"start":{"line":2,"column":0},"end":{"line":2,"column":39}},"2":{"start":{"line":3,"column":0},"end":{"line":3,"column":27}},"3":{"start":{"line":4,"column":0},"end":{"line":4,"column":20}},"4":{"start":{"line":6,"column":0},"end":{"line":10,"column":null}}},"fnMap":{},"branchMap":{},"s":{"0":0,"1":0,"2":0,"3":0,"4":0},"f":{},"b":{}}
,"/Users/uematsukosuke/Desktop/expense-tracker-app/front/src/features/financial/hooks/useExpData.ts": {"path":"/Users/uematsukosuke/Desktop/expense-tracker-app/front/src/features/financial/hooks/useExpData.ts","statementMap":{"0":{"start":{"line":2,"column":0},"end":{"line":2,"column":47}},"1":{"start":{"line":3,"column":0},"end":{"line":3,"column":64}},"2":{"start":{"line":4,"column":0},"end":{"line":4,"column":52}},"3":{"start":{"line":5,"column":0},"end":{"line":5,"column":25}},"4":{"start":{"line":7,"column":21},"end":{"line":23,"column":1}},"5":{"start":{"line":8,"column":24},"end":{"line":8,"column":40}},"6":{"start":{"line":9,"column":18},"end":{"line":9,"column":42}},"7":{"start":{"line":10,"column":2},"end":{"line":12,"column":3}},"8":{"start":{"line":11,"column":4},"end":{"line":11,"column":51}},"9":{"start":{"line":13,"column":47},"end":{"line":13,"column":74}},"10":{"start":{"line":15,"column":2},"end":{"line":22,"column":7}},"11":{"start":{"line":21,"column":6},"end":{"line":21,"column":17}},"12":{"start":{"line":25,"column":26},"end":{"line":30,"column":1}},"13":{"start":{"line":29,"column":2},"end":{"line":29,"column":62}},"14":{"start":{"line":25,"column":13},"end":{"line":25,"column":26}}},"fnMap":{"0":{"name":"(anonymous_1)","decl":{"start":{"line":7,"column":21},"end":{"line":7,"column":26}},"loc":{"start":{"line":7,"column":32},"end":{"line":23,"column":1}}},"1":{"name":"(anonymous_2)","decl":{"start":{"line":20,"column":10},"end":{"line":20,"column":11}},"loc":{"start":{"line":20,"column":18},"end":{"line":22,"column":5}}},"2":{"name":"(anonymous_3)","decl":{"start":{"line":25,"column":26},"end":{"line":25,"column":null}},"loc":{"start":{"line":28,"column":4},"end":{"line":30,"column":1}}}},"branchMap":{"0":{"loc":{"start":{"line":10,"column":2},"end":{"line":12,"column":3}},"type":"if","locations":[{"start":{"line":10,"column":2},"end":{"line":12,"column":3}}]},"1":{"loc":{"start":{"line":10,"column":6},"end":{"line":10,"column":34}},"type":"binary-expr","locations":[{"start":{"line":10,"column":6},"end":{"line":10,"column":14}},{"start":{"line":10,"column":18},"end":{"line":10,"column":34}}]}},"s":{"0":0,"1":0,"2":0,"3":0,"4":0,"5":0,"6":0,"7":0,"8":0,"9":0,"10":0,"11":0,"12":0,"13":0,"14":0},"f":{"0":0,"1":0,"2":0},"b":{"0":[0],"1":[0,0]}}
,"/Users/uematsukosuke/Desktop/expense-tracker-app/front/src/features/menu/hooks/useS3FileUpload.ts": {"path":"/Users/uematsukosuke/Desktop/expense-tracker-app/front/src/features/menu/hooks/useS3FileUpload.ts","statementMap":{"0":{"start":{"line":2,"column":0},"end":{"line":2,"column":52}},"1":{"start":{"line":3,"column":0},"end":{"line":3,"column":49}},"2":{"start":{"line":4,"column":0},"end":{"line":4,"column":33}},"3":{"start":{"line":6,"column":31},"end":{"line":44,"column":1}},"4":{"start":{"line":7,"column":32},"end":{"line":7,"column":56}},"5":{"start":{"line":8,"column":30},"end":{"line":8,"column":50}},"6":{"start":{"line":16,"column":23},"end":{"line":41,"column":3}},"7":{"start":{"line":17,"column":4},"end":{"line":17,"column":21}},"8":{"start":{"line":19,"column":4},"end":{"line":38,"column":5}},"9":{"start":{"line":20,"column":22},"end":{"line":20,"column":46}},"10":{"start":{"line":21,"column":6},"end":{"line":23,"column":7}},"11":{"start":{"line":22,"column":8},"end":{"line":22,"column":69}},"12":{"start":{"line":25,"column":6},"end":{"line":31,"column":9}},"13":{"start":{"line":33,"column":6},"end":{"line":37,"column":7}},"14":{"start":{"line":34,"column":8},"end":{"line":34,"column":33}},"15":{"start":{"line":36,"column":8},"end":{"line":36,"column":58}},"16":{"start":{"line":40,"column":4},"end":{"line":40,"column":22}},"17":{"start":{"line":43,"column":2},"end":{"line":43,"column":43}},"18":{"start":{"line":6,"column":13},"end":{"line":6,"column":31}}},"fnMap":{"0":{"name":"(anonymous_0)","decl":{"start":{"line":6,"column":31},"end":{"line":6,"column":34}},"loc":{"start":{"line":6,"column":36},"end":{"line":44,"column":1}}},"1":{"name":"(anonymous_1)","decl":{"start":{"line":16,"column":23},"end":{"line":16,"column":28}},"loc":{"start":{"line":16,"column":67},"end":{"line":41,"column":3}}}},"branchMap":{"0":{"loc":{"start":{"line":21,"column":6},"end":{"line":23,"column":7}},"type":"if","locations":[{"start":{"line":21,"column":6},"end":{"line":23,"column":7}}]},"1":{"loc":{"start":{"line":21,"column":10},"end":{"line":21,"column":61}},"type":"binary-expr","locations":[{"start":{"line":21,"column":10},"end":{"line":21,"column":18}},{"start":{"line":21,"column":22},"end":{"line":21,"column":41}},{"start":{"line":21,"column":45},"end":{"line":21,"column":61}}]},"2":{"loc":{"start":{"line":33,"column":6},"end":{"line":37,"column":7}},"type":"if","locations":[{"start":{"line":33,"column":6},"end":{"line":37,"column":7}},{"start":{"line":35,"column":13},"end":{"line":37,"column":7}}]}},"s":{"0":1,"1":1,"2":1,"3":1,"4":3,"5":3,"6":3,"7":1,"8":1,"9":1,"10":1,"11":0,"12":1,"13":0,"14":0,"15":0,"16":1,"17":3,"18":1},"f":{"0":3,"1":1},"b":{"0":[0],"1":[1,1,1],"2":[0,0]}}
,"/Users/uematsukosuke/Desktop/expense-tracker-app/front/src/graphql/queries.ts": {"path":"/Users/uematsukosuke/Desktop/expense-tracker-app/front/src/graphql/queries.ts","statementMap":{"0":{"start":{"line":11,"column":13},"end":{"line":25,"column":2}}},"fnMap":{},"branchMap":{},"s":{"0":0},"f":{},"b":{}}
,"/Users/uematsukosuke/Desktop/expense-tracker-app/front/src/hooks/useAuthToken.ts": {"path":"/Users/uematsukosuke/Desktop/expense-tracker-app/front/src/hooks/useAuthToken.ts","statementMap":{"0":{"start":{"line":1,"column":0},"end":{"line":1,"column":52}},"1":{"start":{"line":2,"column":0},"end":{"line":2,"column":44}},"2":{"start":{"line":8,"column":28},"end":{"line":57,"column":1}},"3":{"start":{"line":9,"column":32},"end":{"line":12,"column":37}},"4":{"start":{"line":13,"column":32},"end":{"line":13,"column":55}},"5":{"start":{"line":15,"column":2},"end":{"line":54,"column":9}},"6":{"start":{"line":21,"column":33},"end":{"line":51,"column":5}},"7":{"start":{"line":22,"column":6},"end":{"line":22,"column":23}},"8":{"start":{"line":24,"column":6},"end":{"line":50,"column":7}},"9":{"start":{"line":27,"column":24},"end":{"line":27,"column":48}},"10":{"start":{"line":29,"column":24},"end":{"line":29,"column":60}},"11":{"start":{"line":30,"column":28},"end":{"line":30,"column":57}},"12":{"start":{"line":32,"column":8},"end":{"line":36,"column":9}},"13":{"start":{"line":33,"column":10},"end":{"line":33,"column":54}},"14":{"start":{"line":35,"column":10},"end":{"line":35,"column":53}},"15":{"start":{"line":38,"column":8},"end":{"line":47,"column":9}},"16":{"start":{"line":39,"column":10},"end":{"line":39,"column":31}},"17":{"start":{"line":40,"column":10},"end":{"line":40,"column":48}},"18":{"start":{"line":42,"column":10},"end":{"line":42,"column":71}},"19":{"start":{"line":43,"column":10},"end":{"line":46,"column":13}},"20":{"start":{"line":49,"column":8},"end":{"line":49,"column":26}},"21":{"start":{"line":53,"column":4},"end":{"line":53,"column":27}},"22":{"start":{"line":56,"column":2},"end":{"line":56,"column":33}},"23":{"start":{"line":8,"column":13},"end":{"line":8,"column":28}}},"fnMap":{"0":{"name":"(anonymous_0)","decl":{"start":{"line":8,"column":28},"end":{"line":8,"column":31}},"loc":{"start":{"line":8,"column":33},"end":{"line":57,"column":1}}},"1":{"name":"(anonymous_1)","decl":{"start":{"line":15,"column":12},"end":{"line":15,"column":15}},"loc":{"start":{"line":15,"column":17},"end":{"line":54,"column":3}}},"2":{"name":"(anonymous_2)","decl":{"start":{"line":21,"column":33},"end":{"line":21,"column":38}},"loc":{"start":{"line":21,"column":44},"end":{"line":51,"column":5}}}},"branchMap":{"0":{"loc":{"start":{"line":32,"column":8},"end":{"line":36,"column":9}},"type":"if","locations":[{"start":{"line":32,"column":8},"end":{"line":36,"column":9}},{"start":{"line":34,"column":15},"end":{"line":36,"column":9}}]},"1":{"loc":{"start":{"line":32,"column":12},"end":{"line":32,"column":44}},"type":"binary-expr","locations":[{"start":{"line":32,"column":12},"end":{"line":32,"column":19}},{"start":{"line":32,"column":23},"end":{"line":32,"column":44}}]},"2":{"loc":{"start":{"line":38,"column":8},"end":{"line":47,"column":9}},"type":"if","locations":[{"start":{"line":38,"column":8},"end":{"line":47,"column":9}},{"start":{"line":41,"column":15},"end":{"line":47,"column":9}}]}},"s":{"0":0,"1":0,"2":0,"3":0,"4":0,"5":0,"6":0,"7":0,"8":0,"9":0,"10":0,"11":0,"12":0,"13":0,"14":0,"15":0,"16":0,"17":0,"18":0,"19":0,"20":0,"21":0,"22":0,"23":0},"f":{"0":0,"1":0,"2":0},"b":{"0":[0,0],"1":[0,0],"2":[0,0]}}
,"/Users/uematsukosuke/Desktop/expense-tracker-app/front/src/hooks/useLocalStorage.ts": {"path":"/Users/uematsukosuke/Desktop/expense-tracker-app/front/src/hooks/useLocalStorage.ts","statementMap":{"0":{"start":{"line":16,"column":31},"end":{"line":46,"column":1}},"1":{"start":{"line":17,"column":2},"end":{"line":45,"column":4}},"2":{"start":{"line":23,"column":20},"end":{"line":23,"column":45}},"3":{"start":{"line":24,"column":6},"end":{"line":26,"column":7}},"4":{"start":{"line":25,"column":8},"end":{"line":25,"column":20}},"5":{"start":{"line":28,"column":6},"end":{"line":28,"column":19}},"6":{"start":{"line":36,"column":6},"end":{"line":38,"column":58}},"7":{"start":{"line":44,"column":24},"end":{"line":44,"column":52}},"8":{"start":{"line":16,"column":13},"end":{"line":16,"column":31}}},"fnMap":{"0":{"name":"(anonymous_0)","decl":{"start":{"line":16,"column":31},"end":{"line":16,"column":53}},"loc":{"start":{"line":16,"column":65},"end":{"line":46,"column":1}}},"1":{"name":"(anonymous_1)","decl":{"start":{"line":22,"column":10},"end":{"line":22,"column":31}},"loc":{"start":{"line":22,"column":33},"end":{"line":29,"column":5}}},"2":{"name":"(anonymous_2)","decl":{"start":{"line":35,"column":11},"end":{"line":35,"column":12}},"loc":{"start":{"line":35,"column":31},"end":{"line":39,"column":5}}},"3":{"name":"(anonymous_3)","decl":{"start":{"line":44,"column":12},"end":{"line":44,"column":21}},"loc":{"start":{"line":44,"column":24},"end":{"line":44,"column":52}}}},"branchMap":{"0":{"loc":{"start":{"line":24,"column":6},"end":{"line":26,"column":7}},"type":"if","locations":[{"start":{"line":24,"column":6},"end":{"line":26,"column":7}}]},"1":{"loc":{"start":{"line":36,"column":6},"end":{"line":38,"column":57}},"type":"cond-expr","locations":[{"start":{"line":37,"column":10},"end":{"line":37,"column":41}},{"start":{"line":38,"column":10},"end":{"line":38,"column":57}}]}},"s":{"0":0,"1":0,"2":0,"3":0,"4":0,"5":0,"6":0,"7":0,"8":0},"f":{"0":0,"1":0,"2":0,"3":0},"b":{"0":[0],"1":[0,0]}}
,"/Users/uematsukosuke/Desktop/expense-tracker-app/front/src/utils/schema.ts": {"path":"/Users/uematsukosuke/Desktop/expense-tracker-app/front/src/utils/schema.ts","statementMap":{"0":{"start":{"line":1,"column":0},"end":{"line":1,"column":24}},"1":{"start":{"line":3,"column":13},"end":{"line":19,"column":3}},"2":{"start":{"line":10,"column":8},"end":{"line":11,"column":null}}},"fnMap":{"0":{"name":"(anonymous_0)","decl":{"start":{"line":9,"column":6},"end":{"line":9,"column":7}},"loc":{"start":{"line":10,"column":8},"end":{"line":11,"column":null}}}},"branchMap":{},"s":{"0":0,"1":0,"2":0},"f":{"0":0},"b":{}}
,"/Users/uematsukosuke/Desktop/expense-tracker-app/front/src/utils/error/transformError.ts": {"path":"/Users/uematsukosuke/Desktop/expense-tracker-app/front/src/utils/error/transformError.ts","statementMap":{"0":{"start":{"line":1,"column":0},"end":{"line":1,"column":null}},"1":{"start":{"line":6,"column":0},"end":{"line":6,"column":null}},"2":{"start":{"line":13,"column":0},"end":{"line":13,"column":74}},"3":{"start":{"line":14,"column":0},"end":{"line":14,"column":45}},"4":{"start":{"line":18,"column":30},"end":{"line":32,"column":1}},"5":{"start":{"line":22,"column":2},"end":{"line":25,"column":3}},"6":{"start":{"line":23,"column":16},"end":{"line":23,"column":44}},"7":{"start":{"line":24,"column":4},"end":{"line":24,"column":24}},"8":{"start":{"line":24,"column":13},"end":{"line":24,"column":24}},"9":{"start":{"line":27,"column":2},"end":{"line":29,"column":3}},"10":{"start":{"line":28,"column":4},"end":{"line":28,"column":61}},"11":{"start":{"line":31,"column":2},"end":{"line":31,"column":41}},"12":{"start":{"line":18,"column":13},"end":{"line":18,"column":30}},"13":{"start":{"line":39,"column":30},"end":{"line":43,"column":1}},"14":{"start":{"line":42,"column":2},"end":{"line":42,"column":61}},"15":{"start":{"line":45,"column":36},"end":{"line":58,"column":1}},"16":{"start":{"line":50,"column":4},"end":{"line":50,"column":71}},"17":{"start":{"line":51,"column":2},"end":{"line":57,"column":4}},"18":{"start":{"line":60,"column":33},"end":{"line":68,"column":1}},"19":{"start":{"line":61,"column":2},"end":{"line":67,"column":4}}},"fnMap":{"0":{"name":"(anonymous_0)","decl":{"start":{"line":18,"column":30},"end":{"line":18,"column":null}},"loc":{"start":{"line":21,"column":21},"end":{"line":32,"column":1}}},"1":{"name":"(anonymous_1)","decl":{"start":{"line":39,"column":30},"end":{"line":39,"column":null}},"loc":{"start":{"line":41,"column":33},"end":{"line":43,"column":1}}},"2":{"name":"(anonymous_2)","decl":{"start":{"line":45,"column":36},"end":{"line":45,"column":null}},"loc":{"start":{"line":48,"column":27},"end":{"line":58,"column":1}}},"3":{"name":"(anonymous_3)","decl":{"start":{"line":60,"column":33},"end":{"line":60,"column":34}},"loc":{"start":{"line":60,"column":73},"end":{"line":68,"column":1}}}},"branchMap":{"0":{"loc":{"start":{"line":22,"column":2},"end":{"line":25,"column":3}},"type":"if","locations":[{"start":{"line":22,"column":2},"end":{"line":25,"column":3}}]},"1":{"loc":{"start":{"line":24,"column":4},"end":{"line":24,"column":24}},"type":"if","locations":[{"start":{"line":24,"column":4},"end":{"line":24,"column":24}}]},"2":{"loc":{"start":{"line":27,"column":2},"end":{"line":29,"column":3}},"type":"if","locations":[{"start":{"line":27,"column":2},"end":{"line":29,"column":3}}]}},"s":{"0":0,"1":0,"2":0,"3":0,"4":0,"5":0,"6":0,"7":0,"8":0,"9":0,"10":0,"11":0,"12":0,"13":0,"14":0,"15":0,"16":0,"17":0,"18":0,"19":0},"f":{"0":0,"1":0,"2":0,"3":0},"b":{"0":[0],"1":[0],"2":[0]}}
,"/Users/uematsukosuke/Desktop/expense-tracker-app/front/src/utils/error/isSomeError/isNetworkError.ts": {"path":"/Users/uematsukosuke/Desktop/expense-tracker-app/front/src/utils/error/isSomeError/isNetworkError.ts","statementMap":{"0":{"start":{"line":2,"column":30},"end":{"line":4,"column":1}},"1":{"start":{"line":3,"column":2},"end":{"line":3,"column":49}},"2":{"start":{"line":2,"column":13},"end":{"line":2,"column":30}}},"fnMap":{"0":{"name":"(anonymous_0)","decl":{"start":{"line":2,"column":30},"end":{"line":2,"column":31}},"loc":{"start":{"line":2,"column":56},"end":{"line":4,"column":1}}}},"branchMap":{},"s":{"0":0,"1":0,"2":0},"f":{"0":0},"b":{}}
}
